  main.cpp
C:\Users\Ryba\Documents\Visual Studio 2019\Projects\PRozSzafy\main.cpp(48,16): warning C4566: znak przedstawiony przez nazwę zawierającą znaki uniwersalne "\u0105" nie może być przedstawiony w bieżącej stronie kodowej (1251)
C:\Users\Ryba\Documents\Visual Studio 2019\Projects\PRozSzafy\main.cpp(48,16): warning C4566: znak przedstawiony przez nazwę zawierającą znaki uniwersalne "\u00F3" nie może być przedstawiony w bieżącej stronie kodowej (1251)
C:\Users\Ryba\Documents\Visual Studio 2019\Projects\PRozSzafy\main.cpp(48,16): warning C4566: znak przedstawiony przez nazwę zawierającą znaki uniwersalne "\u0144" nie może być przedstawiony w bieżącej stronie kodowej (1251)
C:\Users\Ryba\Documents\Visual Studio 2019\Projects\PRozSzafy\main.cpp(48,16): warning C4566: znak przedstawiony przez nazwę zawierającą znaki uniwersalne "\u0119" nie może być przedstawiony w bieżącej stronie kodowej (1251)
C:\Users\Ryba\Documents\Visual Studio 2019\Projects\PRozSzafy\main.cpp(50,25): warning C4566: znak przedstawiony przez nazwę zawierającą znaki uniwersalne "\u0105" nie może być przedstawiony w bieżącej stronie kodowej (1251)
C:\Users\Ryba\Documents\Visual Studio 2019\Projects\PRozSzafy\main.cpp(50,25): warning C4566: znak przedstawiony przez nazwę zawierającą znaki uniwersalne "\u00F3" nie może być przedstawiony w bieżącej stronie kodowej (1251)
C:\Users\Ryba\Documents\Visual Studio 2019\Projects\PRozSzafy\main.cpp(50,25): warning C4566: znak przedstawiony przez nazwę zawierającą znaki uniwersalne "\u0119" nie może być przedstawiony w bieżącej stronie kodowej (1251)
C:\Users\Ryba\Documents\Visual Studio 2019\Projects\PRozSzafy\main.cpp(55,16): warning C4566: znak przedstawiony przez nazwę zawierającą znaki uniwersalne "\u0105" nie może być przedstawiony w bieżącej stronie kodowej (1251)
C:\Users\Ryba\Documents\Visual Studio 2019\Projects\PRozSzafy\main.cpp(55,16): warning C4566: znak przedstawiony przez nazwę zawierającą znaki uniwersalne "\u0107" nie może być przedstawiony w bieżącej stronie kodowej (1251)
C:\Users\Ryba\Documents\Visual Studio 2019\Projects\PRozSzafy\main.cpp(55,16): warning C4566: znak przedstawiony przez nazwę zawierającą znaki uniwersalne "\u0142" nie może być przedstawiony w bieżącej stronie kodowej (1251)
C:\Users\Ryba\Documents\Visual Studio 2019\Projects\PRozSzafy\main.cpp(59,16): warning C4566: znak przedstawiony przez nazwę zawierającą znaki uniwersalne "\u017C" nie może być przedstawiony w bieżącej stronie kodowej (1251)
C:\Users\Ryba\Documents\Visual Studio 2019\Projects\PRozSzafy\main.cpp(59,16): warning C4566: znak przedstawiony przez nazwę zawierającą znaki uniwersalne "\u0107" nie może być przedstawiony w bieżącej stronie kodowej (1251)
C:\Users\Ryba\Documents\Visual Studio 2019\Projects\PRozSzafy\main.cpp(59,16): warning C4566: znak przedstawiony przez nazwę zawierającą znaki uniwersalne "\u0142" nie może być przedstawiony w bieżącej stronie kodowej (1251)
C:\Users\Ryba\Documents\Visual Studio 2019\Projects\PRozSzafy\main.cpp(61,38): warning C4566: znak przedstawiony przez nazwę zawierającą znaki uniwersalne "\u0142" nie może być przedstawiony w bieżącej stronie kodowej (1251)
C:\Users\Ryba\Documents\Visual Studio 2019\Projects\PRozSzafy\main.cpp(61,38): warning C4566: znak przedstawiony przez nazwę zawierającą znaki uniwersalne "\u0105" nie może być przedstawiony w bieżącej stronie kodowej (1251)
C:\Users\Ryba\Documents\Visual Studio 2019\Projects\PRozSzafy\main.cpp(61,38): warning C4566: znak przedstawiony przez nazwę zawierającą znaki uniwersalne "\u00F3" nie może być przedstawiony w bieżącej stronie kodowej (1251)
C:\Users\Ryba\Documents\Visual Studio 2019\Projects\PRozSzafy\main.cpp(110,20): warning C4566: znak przedstawiony przez nazwę zawierającą znaki uniwersalne "\u0142" nie może być przedstawiony w bieżącej stronie kodowej (1251)
C:\Users\Ryba\Documents\Visual Studio 2019\Projects\PRozSzafy\main.cpp(101,9): warning C4101: "data": lokalna zmienna, do której nie istnieje odwołanie
LINK : warning LNK4044: nierozpoznana opcja „/pthread”; zignorowano
main.obj : error LNK2019: nierozpoznany zewnętrzny symbol _MPI_Send@24 przywołany w funkcji _main
main.obj : error LNK2019: nierozpoznany zewnętrzny symbol _MPI_Recv@28 przywołany w funkcji _main
main.obj : error LNK2019: nierozpoznany zewnętrzny symbol _MPI_Type_create_struct@20 przywołany w funkcji _main
main.obj : error LNK2019: nierozpoznany zewnętrzny symbol _MPI_Type_commit@4 przywołany w funkcji _main
main.obj : error LNK2019: nierozpoznany zewnętrzny symbol _MPI_Type_free@4 przywołany w funkcji _main
main.obj : error LNK2019: nierozpoznany zewnętrzny symbol _MPI_Comm_size@8 przywołany w funkcji _main
main.obj : error LNK2019: nierozpoznany zewnętrzny symbol _MPI_Comm_rank@8 przywołany w funkcji _main
main.obj : error LNK2019: nierozpoznany zewnętrzny symbol _MPI_Finalize@0 przywołany w funkcji _main
main.obj : error LNK2019: nierozpoznany zewnętrzny symbol _MPI_Init_thread@16 przywołany w funkcji _main
main.obj : error LNK2019: nierozpoznany zewnętrzny symbol __imp__pthread_create przywołany w funkcji _main
main.obj : error LNK2019: nierozpoznany zewnętrzny symbol __imp__pthread_join przywołany w funkcji _main
main.obj : error LNK2019: nierozpoznany zewnętrzny symbol __imp__pthread_mutex_destroy przywołany w funkcji _main
C:\Program Files (x86)\Microsoft SDKs\MPI\Lib\x64\\msmpi.lib : warning LNK4272: wystąpił konflikt typu maszyny biblioteki „x64” z typem maszyny docelowej „x86”
C:\Users\Ryba\Documents\Visual Studio 2019\Projects\PRozSzafy\Debug\PRozSzafy.exe : fatal error LNK1120: liczba nierozpoznanych elementów zewnętrznych: 12
