  comm_thread.cpp
  main.cpp
C:\Users\Ryba\Documents\Visual Studio 2019\Projects\PRozSzafy\main.cpp(18,27): warning C4566: znak przedstawiony przez nazwę zawierającą znaki uniwersalne "\u0105" nie może być przedstawiony w bieżącej stronie kodowej (1251)
C:\Users\Ryba\Documents\Visual Studio 2019\Projects\PRozSzafy\main.cpp(18,27): warning C4566: znak przedstawiony przez nazwę zawierającą znaki uniwersalne "\u00F3" nie może być przedstawiony w bieżącej stronie kodowej (1251)
C:\Users\Ryba\Documents\Visual Studio 2019\Projects\PRozSzafy\main.cpp(18,27): warning C4566: znak przedstawiony przez nazwę zawierającą znaki uniwersalne "\u0144" nie może być przedstawiony w bieżącej stronie kodowej (1251)
C:\Users\Ryba\Documents\Visual Studio 2019\Projects\PRozSzafy\main.cpp(18,27): warning C4566: znak przedstawiony przez nazwę zawierającą znaki uniwersalne "\u0119" nie może być przedstawiony w bieżącej stronie kodowej (1251)
C:\Users\Ryba\Documents\Visual Studio 2019\Projects\PRozSzafy\main.cpp(19,25): warning C4566: znak przedstawiony przez nazwę zawierającą znaki uniwersalne "\u0105" nie może być przedstawiony w bieżącej stronie kodowej (1251)
C:\Users\Ryba\Documents\Visual Studio 2019\Projects\PRozSzafy\main.cpp(19,25): warning C4566: znak przedstawiony przez nazwę zawierającą znaki uniwersalne "\u00F3" nie może być przedstawiony w bieżącej stronie kodowej (1251)
C:\Users\Ryba\Documents\Visual Studio 2019\Projects\PRozSzafy\main.cpp(19,25): warning C4566: znak przedstawiony przez nazwę zawierającą znaki uniwersalne "\u0119" nie może być przedstawiony w bieżącej stronie kodowej (1251)
C:\Users\Ryba\Documents\Visual Studio 2019\Projects\PRozSzafy\main.cpp(24,27): warning C4566: znak przedstawiony przez nazwę zawierającą znaki uniwersalne "\u0105" nie może być przedstawiony w bieżącej stronie kodowej (1251)
C:\Users\Ryba\Documents\Visual Studio 2019\Projects\PRozSzafy\main.cpp(24,27): warning C4566: znak przedstawiony przez nazwę zawierającą znaki uniwersalne "\u0107" nie może być przedstawiony w bieżącej stronie kodowej (1251)
C:\Users\Ryba\Documents\Visual Studio 2019\Projects\PRozSzafy\main.cpp(24,27): warning C4566: znak przedstawiony przez nazwę zawierającą znaki uniwersalne "\u0142" nie może być przedstawiony w bieżącej stronie kodowej (1251)
C:\Users\Ryba\Documents\Visual Studio 2019\Projects\PRozSzafy\main.cpp(27,27): warning C4566: znak przedstawiony przez nazwę zawierającą znaki uniwersalne "\u017C" nie może być przedstawiony w bieżącej stronie kodowej (1251)
C:\Users\Ryba\Documents\Visual Studio 2019\Projects\PRozSzafy\main.cpp(27,27): warning C4566: znak przedstawiony przez nazwę zawierającą znaki uniwersalne "\u0107" nie może być przedstawiony w bieżącej stronie kodowej (1251)
C:\Users\Ryba\Documents\Visual Studio 2019\Projects\PRozSzafy\main.cpp(27,27): warning C4566: znak przedstawiony przez nazwę zawierającą znaki uniwersalne "\u0142" nie może być przedstawiony w bieżącej stronie kodowej (1251)
C:\Users\Ryba\Documents\Visual Studio 2019\Projects\PRozSzafy\main.cpp(30,27): warning C4566: znak przedstawiony przez nazwę zawierającą znaki uniwersalne "\u0142" nie może być przedstawiony w bieżącej stronie kodowej (1251)
C:\Users\Ryba\Documents\Visual Studio 2019\Projects\PRozSzafy\main.cpp(30,27): warning C4566: znak przedstawiony przez nazwę zawierającą znaki uniwersalne "\u0105" nie może być przedstawiony w bieżącej stronie kodowej (1251)
C:\Users\Ryba\Documents\Visual Studio 2019\Projects\PRozSzafy\main.cpp(30,27): warning C4566: znak przedstawiony przez nazwę zawierającą znaki uniwersalne "\u00F3" nie może być przedstawiony w bieżącej stronie kodowej (1251)
C:\Users\Ryba\Documents\Visual Studio 2019\Projects\PRozSzafy\main.cpp(66,22): warning C4244: "argument": konwersja z "time_t" do "unsigned int", możliwa utrata danych
  main_thread.cpp
  structs.cpp
  Generowanie kodu...
  PRozSzafy.vcxproj -> C:\Users\Ryba\Documents\Visual Studio 2019\Projects\PRozSzafy\x64\Debug\PRozSzafy.exe
